Build started 12/20/2013 1:05:13 AM.
     1>Project "C:\Users\Ben Loisch\documents\visual studio 2013\Projects\SDLProject1\SDLProject1\SDLProject1.vcxproj" on node 2 (Build target(s)).
     1>ClCompile:
         C:\Program Files (x86)\Microsoft Visual Studio 12.0\VC\bin\CL.exe /c /ZI /nologo /W3 /WX- /sdl /Od /Oy- /D _MBCS /Gm /EHsc /RTC1 /MDd /GS /fp:precise /Zc:wchar_t /Zc:forScope /Fo"Debug\\" /Fd"Debug\vc120.pdb" /Gd /TP /analyze- /errorReport:prompt ProcessVertex.cpp Source.cpp
         Source.cpp
     1>c:\users\ben loisch\documents\visual studio 2013\projects\sdlproject1\sdlproject1\triangle.h(212): warning C4244: 'argument' : conversion from 'double' to 'int', possible loss of data
     1>c:\users\ben loisch\documents\visual studio 2013\projects\sdlproject1\sdlproject1\source.cpp(90): warning C4244: 'argument' : conversion from 'const double' to 'Uint16', possible loss of data
     1>c:\users\ben loisch\documents\visual studio 2013\projects\sdlproject1\sdlproject1\source.cpp(100): warning C4244: 'argument' : conversion from 'const double' to 'Uint16', possible loss of data
         ProcessVertex.cpp
     1>c:\users\ben loisch\documents\visual studio 2013\projects\sdlproject1\sdlproject1\triangle.h(212): warning C4244: 'argument' : conversion from 'double' to 'int', possible loss of data
     1>c:\users\ben loisch\documents\visual studio 2013\projects\sdlproject1\sdlproject1\processvertex.cpp(32): warning C4244: 'argument' : conversion from 'double' to 'int', possible loss of data
     1>c:\users\ben loisch\documents\visual studio 2013\projects\sdlproject1\sdlproject1\processvertex.cpp(41): warning C4018: '<' : signed/unsigned mismatch
         Generating Code...
       Link:
         C:\Program Files (x86)\Microsoft Visual Studio 12.0\VC\bin\link.exe /ERRORREPORT:PROMPT /OUT:"C:\Users\Ben Loisch\documents\visual studio 2013\Projects\SDLProject1\Debug\SDLProject1.exe" /INCREMENTAL /NOLOGO SDL.lib SDLmain.lib kernel32.lib user32.lib gdi32.lib winspool.lib comdlg32.lib advapi32.lib shell32.lib ole32.lib oleaut32.lib uuid.lib odbc32.lib odbccp32.lib /NODEFAULTLIB:msvcrt.lib /MANIFEST /MANIFESTUAC:"level='asInvoker' uiAccess='false'" /manifest:embed /DEBUG /PDB:"C:\Users\Ben Loisch\documents\visual studio 2013\Projects\SDLProject1\Debug\SDLProject1.pdb" /SUBSYSTEM:WINDOWS /TLBID:1 /DYNAMICBASE /NXCOMPAT /IMPLIB:"C:\Users\Ben Loisch\documents\visual studio 2013\Projects\SDLProject1\Debug\SDLProject1.lib" /MACHINE:X86 Debug\ProcessVertex.obj
         Debug\Source.obj
         SDLProject1.vcxproj -> C:\Users\Ben Loisch\documents\visual studio 2013\Projects\SDLProject1\Debug\SDLProject1.exe
     1>Done Building Project "C:\Users\Ben Loisch\documents\visual studio 2013\Projects\SDLProject1\SDLProject1\SDLProject1.vcxproj" (Build target(s)).

Build succeeded.

Time Elapsed 00:00:01.80
